<?xml version="1.0" encoding="UTF-8"?>
<testng-results ignored="0" total="1" passed="1" failed="0" skipped="0">
  <reporter-output>
  </reporter-output>
  <suite started-at="2022-09-28T09:02:44Z" name="com.test.DemoTest" finished-at="2022-09-28T09:02:44Z" duration-ms="24">
    <groups>
    </groups>
    <test started-at="2022-09-28T09:02:44Z" name="Command line test" finished-at="2022-09-28T09:02:44Z" duration-ms="24">
      <class name="com.test.DemoTest">
        <test-method signature="test01()[pri:0, instance:com.test.DemoTest@419c5f1a]" started-at="2022-09-28T09:02:44Z" name="test01" finished-at="2022-09-28T09:02:44Z" duration-ms="7" status="PASS">
          <reporter-output>
          </reporter-output>
        </test-method> <!-- test01 -->
      </class> <!-- com.test.DemoTest -->
    </test> <!-- Command line test -->
  </suite> <!-- com.test.DemoTest -->
</testng-results>
